[INFO] - [21/Jun/2018-17:44:53] - connect succeed
[INFO] - [21/Jun/2018-17:44:53] - connect succeed
[INFO] - [21/Jun/2018-17:45:02] - send deposit
[INFO] - [21/Jun/2018-17:45:02] - send deposit
[INFO] - [21/Jun/2018-17:45:09] - deposit: balance:6
[INFO] - [21/Jun/2018-17:45:09] - deposit: balance:6
[ERROR] - [21/Jun/2018-17:45:12] - deposit: timeout
[ERROR] - [21/Jun/2018-17:45:12] - deposit: timeout
[INFO] - [21/Jun/2018-17:48:22] - connect succeed
[INFO] - [21/Jun/2018-17:48:22] - connect succeed
[INFO] - [21/Jun/2018-17:48:28] - login: account:666111
[INFO] - [21/Jun/2018-17:48:28] - login: account:666111
[INFO] - [21/Jun/2018-17:48:32] - quit
[INFO] - [21/Jun/2018-17:48:32] - quit
[INFO] - [23/Jun/2018-09:20:40] - connect succeed
[INFO] - [23/Jun/2018-09:20:40] - connect succeed
[INFO] - [23/Jun/2018-09:21:34] - login: account:666111
[INFO] - [23/Jun/2018-09:21:34] - login: account:666111
[INFO] - [23/Jun/2018-09:23:09] - check balance
[INFO] - [23/Jun/2018-09:23:09] - check balance
[INFO] - [23/Jun/2018-09:23:12] - send deposit
[INFO] - [23/Jun/2018-09:23:12] - send deposit
[INFO] - [23/Jun/2018-09:23:19] - deposit finished:
[INFO] - [23/Jun/2018-09:23:19] - deposit finished:
[INFO] - [23/Jun/2018-09:23:21] - check balance
[INFO] - [23/Jun/2018-09:23:21] - check balance
[INFO] - [23/Jun/2018-09:23:28] - send deposit
[INFO] - [23/Jun/2018-09:23:28] - send deposit
[ERROR] - [23/Jun/2018-09:23:31] - deposit: timeout
[ERROR] - [23/Jun/2018-09:23:31] - deposit: timeout
[INFO] - [23/Jun/2018-09:23:51] - connect succeed
[INFO] - [23/Jun/2018-09:23:51] - connect succeed
[INFO] - [23/Jun/2018-09:23:56] - login: account:666111
[INFO] - [23/Jun/2018-09:23:56] - login: account:666111
[INFO] - [23/Jun/2018-09:23:57] - check balance
[INFO] - [23/Jun/2018-09:23:57] - check balance
[INFO] - [23/Jun/2018-09:24:19] - send deposit
[INFO] - [23/Jun/2018-09:24:19] - send deposit
[INFO] - [23/Jun/2018-09:24:29] - deposit: balance:16
[INFO] - [23/Jun/2018-09:24:29] - deposit: balance:16
[ERROR] - [23/Jun/2018-09:24:32] - deposit: timeout
[ERROR] - [23/Jun/2018-09:24:32] - deposit: timeout
[INFO] - [23/Jun/2018-09:25:25] - connect succeed
[INFO] - [23/Jun/2018-09:25:25] - connect succeed
[INFO] - [23/Jun/2018-09:25:29] - login: account:666111
[INFO] - [23/Jun/2018-09:25:29] - login: account:666111
[INFO] - [23/Jun/2018-09:25:30] - send deposit
[INFO] - [23/Jun/2018-09:25:30] - send deposit
[INFO] - [23/Jun/2018-09:25:33] - deposit: balance:16
[INFO] - [23/Jun/2018-09:25:33] - deposit: balance:16
[ERROR] - [23/Jun/2018-09:25:33] - deposit: success
[ERROR] - [23/Jun/2018-09:25:33] - deposit: success
[INFO] - [23/Jun/2018-09:25:50] - deposit finished:
[INFO] - [23/Jun/2018-09:25:50] - deposit finished:
[INFO] - [23/Jun/2018-09:25:54] - check balance
[INFO] - [23/Jun/2018-09:25:54] - check balance
[INFO] - [23/Jun/2018-09:25:57] - send deposit
[INFO] - [23/Jun/2018-09:25:57] - send deposit
[INFO] - [23/Jun/2018-09:26:09] - deposit: balance:1
[INFO] - [23/Jun/2018-09:26:09] - deposit: balance:1
[ERROR] - [23/Jun/2018-09:26:09] - deposit: success
[ERROR] - [23/Jun/2018-09:26:09] - deposit: success
[INFO] - [23/Jun/2018-09:26:10] - deposit finished:
[INFO] - [23/Jun/2018-09:26:10] - deposit finished:
[INFO] - [23/Jun/2018-09:26:12] - check balance
[INFO] - [23/Jun/2018-09:26:12] - check balance
[INFO] - [23/Jun/2018-09:26:13] - send withdraw
[INFO] - [23/Jun/2018-09:26:13] - send withdraw
[INFO] - [23/Jun/2018-09:26:18] - withdraw: balance:1
[INFO] - [23/Jun/2018-09:26:18] - withdraw: balance:1
[INFO] - [23/Jun/2018-09:26:18] - withdraw: success
[INFO] - [23/Jun/2018-09:26:18] - withdraw: success
[INFO] - [23/Jun/2018-09:26:19] - withdraw finished:
[INFO] - [23/Jun/2018-09:26:19] - withdraw finished:
[INFO] - [23/Jun/2018-09:27:20] - transfer: finished
[INFO] - [23/Jun/2018-09:27:20] - transfer: finished
[ERROR] - [23/Jun/2018-09:27:36] - transfer: timeout
[ERROR] - [23/Jun/2018-09:27:36] - transfer: timeout
[INFO] - [23/Jun/2018-09:28:34] - connect succeed
[INFO] - [23/Jun/2018-09:28:34] - connect succeed
[INFO] - [23/Jun/2018-09:28:43] - login: account:666111
[INFO] - [23/Jun/2018-09:28:43] - login: account:666111
[INFO] - [23/Jun/2018-09:28:51] - transfer: finished
[INFO] - [23/Jun/2018-09:28:51] - transfer: finished
[INFO] - [23/Jun/2018-09:29:11] - check balance
[INFO] - [23/Jun/2018-09:29:11] - check balance
[INFO] - [23/Jun/2018-09:32:15] - connect succeed
[INFO] - [23/Jun/2018-09:32:15] - connect succeed
[INFO] - [23/Jun/2018-09:32:20] - login: account:666111
[INFO] - [23/Jun/2018-09:32:20] - login: account:666111
[INFO] - [23/Jun/2018-09:32:26] - transfer: to_account:666222, amount:11
[INFO] - [23/Jun/2018-09:32:26] - transfer: to_account:666222, amount:11
[INFO] - [23/Jun/2018-09:32:26] - transfer: success
[INFO] - [23/Jun/2018-09:32:26] - transfer: success
[INFO] - [23/Jun/2018-09:32:32] - transfer: finished
[INFO] - [23/Jun/2018-09:32:32] - transfer: finished
[INFO] - [23/Jun/2018-09:32:37] - transfer: to_account:666333, amount:11
[INFO] - [23/Jun/2018-09:32:37] - transfer: to_account:666333, amount:11
[ERROR] - [23/Jun/2018-09:32:37] - transfer: account not exist
[ERROR] - [23/Jun/2018-09:32:37] - transfer: account not exist
[INFO] - [23/Jun/2018-09:33:02] - connect succeed
[INFO] - [23/Jun/2018-09:33:02] - connect succeed
[INFO] - [23/Jun/2018-09:33:09] - login: account:666111
[INFO] - [23/Jun/2018-09:33:09] - login: account:666111
[INFO] - [23/Jun/2018-09:33:22] - transfer: to_account:666333, amount:11
[INFO] - [23/Jun/2018-09:33:22] - transfer: to_account:666333, amount:11
[ERROR] - [23/Jun/2018-09:33:22] - transfer: account not exist
[ERROR] - [23/Jun/2018-09:33:22] - transfer: account not exist
[INFO] - [25/Jun/2018-14:38:10] - connect succeed
[INFO] - [25/Jun/2018-14:38:10] - connect succeed
[INFO] - [25/Jun/2018-14:38:20] - login: account:666111
[INFO] - [25/Jun/2018-14:38:20] - login: account:666111
[INFO] - [25/Jun/2018-14:38:35] - check balance
[INFO] - [25/Jun/2018-14:38:35] - check balance
[INFO] - [25/Jun/2018-14:40:32] - connect succeed
[INFO] - [25/Jun/2018-14:40:32] - connect succeed
[INFO] - [25/Jun/2018-14:40:38] - login: account:666111
[INFO] - [25/Jun/2018-14:40:38] - login: account:666111
[INFO] - [25/Jun/2018-14:40:40] - check balance
[INFO] - [25/Jun/2018-14:40:40] - check balance
[INFO] - [25/Jun/2018-14:41:10] - connect succeed
[INFO] - [25/Jun/2018-14:41:10] - connect succeed
[INFO] - [25/Jun/2018-14:41:15] - login: account:666111
[INFO] - [25/Jun/2018-14:41:15] - login: account:666111
[INFO] - [25/Jun/2018-14:41:16] - check balance
[INFO] - [25/Jun/2018-14:41:16] - check balance
[INFO] - [25/Jun/2018-15:05:31] - connect succeed
[INFO] - [25/Jun/2018-15:05:31] - connect succeed
[INFO] - [25/Jun/2018-15:07:56] - connect succeed
[INFO] - [25/Jun/2018-15:07:56] - connect succeed
[INFO] - [25/Jun/2018-15:13:21] - connect succeed
[INFO] - [25/Jun/2018-15:13:21] - connect succeed
[INFO] - [25/Jun/2018-15:13:25] - login: account:666111
[INFO] - [25/Jun/2018-15:13:25] - login: account:666111
[INFO] - [25/Jun/2018-15:13:26] - send deposit
[INFO] - [25/Jun/2018-15:13:26] - send deposit
[INFO] - [25/Jun/2018-15:13:29] - deposit: balance:1
[INFO] - [25/Jun/2018-15:13:29] - deposit: balance:1
[ERROR] - [25/Jun/2018-15:13:29] - deposit: success
[ERROR] - [25/Jun/2018-15:13:29] - deposit: success
[INFO] - [25/Jun/2018-15:13:30] - deposit finished:
[INFO] - [25/Jun/2018-15:13:30] - deposit finished:
[INFO] - [25/Jun/2018-15:13:32] - check balance
[INFO] - [25/Jun/2018-15:13:32] - check balance
[INFO] - [25/Jun/2018-15:13:34] - send withdraw
[INFO] - [25/Jun/2018-15:13:34] - send withdraw
[INFO] - [25/Jun/2018-15:13:35] - withdraw: balance:1
[INFO] - [25/Jun/2018-15:13:35] - withdraw: balance:1
[INFO] - [25/Jun/2018-15:13:35] - withdraw: success
[INFO] - [25/Jun/2018-15:13:35] - withdraw: success
[INFO] - [25/Jun/2018-15:13:36] - withdraw finished:
[INFO] - [25/Jun/2018-15:13:36] - withdraw finished:
[INFO] - [25/Jun/2018-15:13:37] - check balance
[INFO] - [25/Jun/2018-15:13:37] - check balance
[INFO] - [25/Jun/2018-15:13:43] - transfer: to_account:666222, amount:1
[INFO] - [25/Jun/2018-15:13:43] - transfer: to_account:666222, amount:1
[INFO] - [25/Jun/2018-15:13:43] - transfer: success
[INFO] - [25/Jun/2018-15:13:43] - transfer: success
[INFO] - [25/Jun/2018-15:13:44] - transfer: finished
[INFO] - [25/Jun/2018-15:13:44] - transfer: finished
[INFO] - [25/Jun/2018-15:13:45] - check balance
[INFO] - [25/Jun/2018-15:13:45] - check balance
[INFO] - [25/Jun/2018-15:13:55] - transfer: to_account:6662223, amount:1
[INFO] - [25/Jun/2018-15:13:55] - transfer: to_account:6662223, amount:1
[ERROR] - [25/Jun/2018-15:13:55] - transfer: account not exist
[ERROR] - [25/Jun/2018-15:13:55] - transfer: account not exist
[INFO] - [25/Jun/2018-15:15:20] - connect succeed
[INFO] - [25/Jun/2018-15:15:20] - connect succeed
[INFO] - [25/Jun/2018-15:15:24] - login: account:666111
[INFO] - [25/Jun/2018-15:15:24] - login: account:666111
[INFO] - [25/Jun/2018-15:15:31] - transfer: to_account:6, amount:1
[INFO] - [25/Jun/2018-15:15:31] - transfer: to_account:6, amount:1
[ERROR] - [25/Jun/2018-15:15:31] - transfer: account not exist
[ERROR] - [25/Jun/2018-15:15:31] - transfer: account not exist
[INFO] - [25/Jun/2018-15:15:32] - transfer: finished
[INFO] - [25/Jun/2018-15:15:32] - transfer: finished
[INFO] - [25/Jun/2018-15:15:35] - check balance
[INFO] - [25/Jun/2018-15:15:35] - check balance
[INFO] - [25/Jun/2018-15:15:38] - send deposit
[INFO] - [25/Jun/2018-15:15:38] - send deposit
[INFO] - [25/Jun/2018-15:15:42] - deposit: balance:-1
[INFO] - [25/Jun/2018-15:15:42] - deposit: balance:-1
[ERROR] - [25/Jun/2018-15:15:42] - deposit: success
[ERROR] - [25/Jun/2018-15:15:42] - deposit: success
[INFO] - [25/Jun/2018-15:15:43] - deposit finished:
[INFO] - [25/Jun/2018-15:15:43] - deposit finished:
[INFO] - [25/Jun/2018-15:15:45] - check balance
[INFO] - [25/Jun/2018-15:15:45] - check balance
[INFO] - [25/Jun/2018-15:15:47] - quit
[INFO] - [25/Jun/2018-15:15:47] - quit
[INFO] - [25/Jun/2018-15:18:36] - connect succeed
[INFO] - [25/Jun/2018-15:18:36] - connect succeed
[INFO] - [25/Jun/2018-15:18:43] - login: account:666111
[INFO] - [25/Jun/2018-15:18:43] - login: account:666111
[INFO] - [25/Jun/2018-15:18:46] - check balance
[INFO] - [25/Jun/2018-15:18:46] - check balance
[INFO] - [25/Jun/2018-15:18:47] - quit
[INFO] - [25/Jun/2018-15:18:47] - quit
[INFO] - [25/Jun/2018-15:19:13] - connect succeed
[INFO] - [25/Jun/2018-15:19:19] - login: account:666111
[INFO] - [25/Jun/2018-15:21:46] - connect succeed
[INFO] - [25/Jun/2018-15:21:51] - login: account:666111
[INFO] - [25/Jun/2018-15:22:05] - connect succeed
[INFO] - [25/Jun/2018-15:22:05] - connect succeed
[INFO] - [25/Jun/2018-15:22:12] - login: account:666111
[INFO] - [25/Jun/2018-15:22:12] - login: account:666111
[INFO] - [25/Jun/2018-15:22:13] - check balance
[INFO] - [25/Jun/2018-15:22:13] - check balance
[INFO] - [25/Jun/2018-15:22:15] - quit
[INFO] - [25/Jun/2018-15:22:15] - quit
[INFO] - [25/Jun/2018-15:23:11] - connect succeed
[INFO] - [25/Jun/2018-15:23:11] - connect succeed
[ERROR] - [25/Jun/2018-15:23:16] - login: account not exist
[ERROR] - [25/Jun/2018-15:23:16] - login: account not exist
[INFO] - [25/Jun/2018-15:24:06] - connect succeed
[INFO] - [25/Jun/2018-15:24:06] - connect succeed
[ERROR] - [25/Jun/2018-15:24:09] - login: account not exist
[ERROR] - [25/Jun/2018-15:24:09] - login: account not exist
[INFO] - [25/Jun/2018-19:00:45] - connect succeed
[INFO] - [25/Jun/2018-19:00:45] - connect succeed
[INFO] - [25/Jun/2018-19:00:50] - login: account:666111
[INFO] - [25/Jun/2018-19:00:50] - login: account:666111
[INFO] - [25/Jun/2018-19:01:00] - check balance
[INFO] - [25/Jun/2018-19:01:00] - check balance
[INFO] - [25/Jun/2018-19:01:14] - quit
[INFO] - [25/Jun/2018-19:01:14] - quit
[INFO] - [25/Jun/2018-19:06:51] - connect succeed
[INFO] - [25/Jun/2018-19:06:51] - connect succeed
[ERROR] - [25/Jun/2018-19:06:54] - login: account not exist
[ERROR] - [25/Jun/2018-19:06:54] - login: account not exist
[INFO] - [25/Jun/2018-19:26:22] - connect succeed
[INFO] - [25/Jun/2018-19:26:22] - connect succeed
[INFO] - [25/Jun/2018-19:26:29] - login: account:666111
[INFO] - [25/Jun/2018-19:26:29] - login: account:666111
[INFO] - [25/Jun/2018-19:26:36] - quit
[INFO] - [25/Jun/2018-19:26:36] - quit
[INFO] - [25/Jun/2018-19:26:46] - connect succeed
[INFO] - [25/Jun/2018-19:26:46] - connect succeed
[INFO] - [25/Jun/2018-19:26:51] - login: account:666111
[INFO] - [25/Jun/2018-19:26:51] - login: account:666111
[INFO] - [25/Jun/2018-19:26:53] - check balance: 99888.00
[INFO] - [25/Jun/2018-19:26:53] - check balance: 99888.00
[INFO] - [25/Jun/2018-19:26:58] - quit
[INFO] - [25/Jun/2018-19:26:58] - quit
[INFO] - [25/Jun/2018-19:34:41] - connect succeed
[INFO] - [25/Jun/2018-19:34:41] - connect succeed
[INFO] - [25/Jun/2018-19:34:45] - login: account:666111
[INFO] - [25/Jun/2018-19:34:45] - login: account:666111
[INFO] - [25/Jun/2018-19:34:52] - transfer: to_account:666222, amount:1
[INFO] - [25/Jun/2018-19:34:52] - transfer: to_account:666222, amount:1
[INFO] - [25/Jun/2018-19:34:52] - transfer: success
[INFO] - [25/Jun/2018-19:34:52] - transfer: success
[INFO] - [25/Jun/2018-19:34:53] - transfer: to_account 666222
[INFO] - [25/Jun/2018-19:34:53] - transfer: to_account 666222
[INFO] - [25/Jun/2018-19:34:53] - transfer: transfer amount 1
[INFO] - [25/Jun/2018-19:34:53] - transfer: transfer amount 1
[INFO] - [25/Jun/2018-19:34:53] - transfer: normal connection
[INFO] - [25/Jun/2018-19:34:53] - transfer: normal connection
[INFO] - [25/Jun/2018-19:35:00] - quit
[INFO] - [25/Jun/2018-19:35:00] - quit
[INFO] - [25/Jun/2018-20:09:07] - login: account:666111
[INFO] - [25/Jun/2018-20:09:09] - check balance: 99887.00
[INFO] - [25/Jun/2018-20:09:12] - quit
[INFO] - [25/Jun/2018-20:37:59] - login: account:666111
[INFO] - [25/Jun/2018-20:37:59] - accountlogin succeed
[INFO] - [25/Jun/2018-20:38:24] - quit
[INFO] - [25/Jun/2018-20:39:48] - login: account:666111
[INFO] - [25/Jun/2018-20:39:48] - accountlogin succeed
[INFO] - [25/Jun/2018-20:39:50] - check balance: 99887.00
[INFO] - [25/Jun/2018-20:39:54] - quit
[INFO] - [25/Jun/2018-20:40:07] - login: account:666111
[INFO] - [25/Jun/2018-20:40:07] - accountlogin succeed
[INFO] - [25/Jun/2018-20:40:13] - quit
[INFO] - [25/Jun/2018-20:52:40] - login: account:666111
[INFO] - [25/Jun/2018-20:52:40] - accountlogin succeed
[INFO] - [25/Jun/2018-20:52:49] - check balance: 99887.00
[INFO] - [25/Jun/2018-20:52:53] - quit
[INFO] - [25/Jun/2018-21:02:45] - login: account:666111
[INFO] - [25/Jun/2018-21:02:45] - accountlogin succeed
[INFO] - [25/Jun/2018-21:02:51] - quit
[INFO] - [25/Jun/2018-21:12:38] - login: account:666111
[INFO] - [25/Jun/2018-21:12:38] - accountlogin succeed
[INFO] - [25/Jun/2018-21:12:41] - send deposit
[INFO] - [25/Jun/2018-21:12:43] - deposit: balance:1
[INFO] - [25/Jun/2018-21:12:43] - deposit: success
[INFO] - [25/Jun/2018-21:12:44] - deposit: normal connection
[INFO] - [25/Jun/2018-21:12:56] - check balance: 99888.00
[INFO] - [25/Jun/2018-21:13:04] - send withdraw
[INFO] - [25/Jun/2018-21:13:06] - withdraw: balance:1
[INFO] - [25/Jun/2018-21:13:06] - withdraw: success
[INFO] - [25/Jun/2018-21:13:06] - withdraw: normal connection
[INFO] - [25/Jun/2018-21:13:09] - check balance: 99887.00
[INFO] - [25/Jun/2018-21:13:12] - send withdraw
[INFO] - [25/Jun/2018-21:13:13] - withdraw: balance:1
[INFO] - [25/Jun/2018-21:13:13] - withdraw: success
[INFO] - [25/Jun/2018-21:13:14] - withdraw: normal connection
[INFO] - [25/Jun/2018-21:13:20] - check balance: 99886.00
[INFO] - [25/Jun/2018-21:13:23] - quit
[INFO] - [25/Jun/2018-21:15:12] - login: account:666111
[INFO] - [25/Jun/2018-21:15:12] - accountlogin succeed
[INFO] - [25/Jun/2018-21:15:13] - check balance: 99886.00
[INFO] - [25/Jun/2018-21:15:14] - send deposit
[INFO] - [25/Jun/2018-21:15:18] - deposit: balance:10
[INFO] - [25/Jun/2018-21:15:18] - deposit: success
[INFO] - [25/Jun/2018-21:15:19] - deposit: normal connection
[INFO] - [25/Jun/2018-21:16:52] - quit
[INFO] - [25/Jun/2018-21:20:15] - login: account:666111
[INFO] - [25/Jun/2018-21:20:15] - accountlogin succeed
[INFO] - [25/Jun/2018-21:20:17] - check balance: 99896.00
[INFO] - [25/Jun/2018-21:20:18] - send deposit
[INFO] - [25/Jun/2018-21:20:18] - deposit: normal connection
[INFO] - [25/Jun/2018-21:20:20] - deposit: balance:61
[INFO] - [25/Jun/2018-21:20:20] - deposit: success
[INFO] - [25/Jun/2018-21:20:21] - send withdraw
[INFO] - [25/Jun/2018-21:20:21] - withdraw: normal connection
[INFO] - [25/Jun/2018-21:20:23] - withdraw: balance:16
[INFO] - [25/Jun/2018-21:20:23] - withdraw: success
[INFO] - [25/Jun/2018-21:20:28] - check balance: 99941.00
[INFO] - [25/Jun/2018-21:20:32] - transfer: normal connection
[INFO] - [25/Jun/2018-21:20:37] - transfer: to_account:666222, amount:111
[INFO] - [25/Jun/2018-21:20:37] - transfer: success
[INFO] - [25/Jun/2018-21:21:53] - login: account:666111
[INFO] - [25/Jun/2018-21:21:53] - accountlogin succeed
[INFO] - [25/Jun/2018-21:21:55] - transfer: normal connection
[INFO] - [25/Jun/2018-21:21:58] - transfer: to_account:666222, amount:11
[INFO] - [25/Jun/2018-21:21:58] - transfer: success
[INFO] - [25/Jun/2018-21:21:59] - transfer: to_account 666222
[INFO] - [25/Jun/2018-21:21:59] - transfer: transfer amount 11
[INFO] - [25/Jun/2018-21:22:10] - quit
[INFO] - [25/Jun/2018-22:19:04] - login: account:666111
[INFO] - [25/Jun/2018-22:19:04] - accountlogin succeed
[INFO] - [25/Jun/2018-22:19:07] - send deposit
[INFO] - [25/Jun/2018-22:19:07] - deposit: normal connection
[INFO] - [25/Jun/2018-22:19:09] - deposit: balance:16
[INFO] - [25/Jun/2018-22:19:09] - deposit: success
[INFO] - [25/Jun/2018-22:19:26] - check balance: 99835.00
[INFO] - [25/Jun/2018-22:19:27] - quit
[INFO] - [25/Jun/2018-22:27:14] - login: account:666111
[INFO] - [25/Jun/2018-22:27:14] - accountlogin succeed
[INFO] - [25/Jun/2018-22:27:15] - check balance: 99835.00
[INFO] - [25/Jun/2018-22:27:17] - send deposit
[INFO] - [25/Jun/2018-22:27:17] - deposit: normal connection
[INFO] - [25/Jun/2018-22:27:18] - deposit: balance:1
[INFO] - [25/Jun/2018-22:27:18] - deposit: success
[INFO] - [25/Jun/2018-22:27:20] - check balance: 99836.00
[INFO] - [25/Jun/2018-22:27:21] - send withdraw
[INFO] - [25/Jun/2018-22:27:21] - withdraw: normal connection
[INFO] - [25/Jun/2018-22:27:22] - withdraw: balance:1
[INFO] - [25/Jun/2018-22:27:22] - withdraw: success
[INFO] - [25/Jun/2018-22:27:25] - check balance: 99835.00
[INFO] - [25/Jun/2018-22:27:26] - transfer: normal connection
[INFO] - [25/Jun/2018-22:27:30] - transfer: to_account:666222, amount:1
[INFO] - [25/Jun/2018-22:27:30] - transfer: success
[INFO] - [25/Jun/2018-22:27:31] - transfer: to_account 666222
[INFO] - [25/Jun/2018-22:27:31] - transfer: transfer amount 1
[INFO] - [25/Jun/2018-22:27:32] - check balance: 99834.00
[INFO] - [25/Jun/2018-22:27:44] - quit
[INFO] - [26/Jun/2018-14:57:19] - login: account:666111
[INFO] - [26/Jun/2018-14:57:19] - accountlogin succeed
[INFO] - [26/Jun/2018-14:57:38] - quit
[INFO] - [26/Jun/2018-14:59:10] - login: account:666111
[INFO] - [26/Jun/2018-14:59:10] - accountlogin succeed
[INFO] - [26/Jun/2018-14:59:11] - send deposit
[ERROR] - [26/Jun/2018-14:59:13] - deposit: timeout
[INFO] - [26/Jun/2018-14:59:50] - login: account:666111
[INFO] - [26/Jun/2018-14:59:50] - accountlogin succeed
[INFO] - [26/Jun/2018-14:59:51] - send deposit
[ERROR] - [26/Jun/2018-14:59:53] - deposit: timeout
[INFO] - [26/Jun/2018-15:02:25] - login: account:666111
[INFO] - [26/Jun/2018-15:02:25] - accountlogin succeed
[INFO] - [26/Jun/2018-15:02:26] - send deposit
[INFO] - [26/Jun/2018-15:02:26] - deposit: normal connection
[INFO] - [26/Jun/2018-15:02:30] - deposit: balance:2
[INFO] - [26/Jun/2018-15:02:30] - deposit: success
[INFO] - [26/Jun/2018-15:02:38] - quit
[INFO] - [26/Jun/2018-15:03:03] - login: account:666111
[INFO] - [26/Jun/2018-15:03:03] - accountlogin succeed
[INFO] - [26/Jun/2018-15:03:04] - send deposit
[ERROR] - [26/Jun/2018-15:03:06] - deposit: timeout
[INFO] - [26/Jun/2018-15:04:22] - login: account:666111
[INFO] - [26/Jun/2018-15:04:22] - accountlogin succeed
[INFO] - [26/Jun/2018-15:04:23] - send deposit
[ERROR] - [26/Jun/2018-15:04:25] - deposit: timeout
[INFO] - [26/Jun/2018-15:05:23] - login: account:666111
[INFO] - [26/Jun/2018-15:05:23] - accountlogin succeed
[INFO] - [26/Jun/2018-15:05:26] - send deposit
[ERROR] - [26/Jun/2018-15:05:28] - deposit: timeout
[INFO] - [26/Jun/2018-15:05:46] - login: account:666111
[INFO] - [26/Jun/2018-15:05:46] - accountlogin succeed
[INFO] - [26/Jun/2018-15:05:47] - send deposit
[INFO] - [26/Jun/2018-15:05:47] - deposit: normal connection
[INFO] - [26/Jun/2018-15:05:48] - deposit: balance:1
[INFO] - [26/Jun/2018-15:05:48] - deposit: success
[INFO] - [26/Jun/2018-15:15:33] - quit
[INFO] - [26/Jun/2018-15:23:26] - login: account:666111
[INFO] - [26/Jun/2018-15:23:26] - accountlogin succeed
[INFO] - [26/Jun/2018-15:23:27] - check balance: 99837.00
[INFO] - [26/Jun/2018-15:23:31] - send deposit
[INFO] - [26/Jun/2018-15:23:31] - deposit: normal connection
[INFO] - [26/Jun/2018-15:23:36] - deposit: balance:0.6
[INFO] - [26/Jun/2018-15:23:36] - deposit: success
[INFO] - [26/Jun/2018-15:23:38] - check balance: 99837.60
[INFO] - [26/Jun/2018-15:23:59] - quit
[INFO] - [26/Jun/2018-22:04:00] - login: account:666111
[INFO] - [26/Jun/2018-22:04:00] - accountlogin succeed
[INFO] - [26/Jun/2018-22:04:01] - check balance: 99837.60
[INFO] - [26/Jun/2018-22:04:02] - quit
[INFO] - [26/Jun/2018-22:19:42] - login: account:666111
[INFO] - [26/Jun/2018-22:19:42] - accountlogin succeed
