[INFO] - [25/Jun/2018-14:36:18] - succeed to connect the database 
[INFO] - [25/Jun/2018-14:38:10] - ready to login
[INFO] - [25/Jun/2018-14:38:20] - 666111 login succeed
[INFO] - [25/Jun/2018-14:38:35] - 666111: check balance operation
[INFO] - [25/Jun/2018-14:38:35] - 666111 check balance finished
[INFO] - [25/Jun/2018-14:40:32] - ready to login
[INFO] - [25/Jun/2018-14:40:38] - 666111 login succeed
[INFO] - [25/Jun/2018-14:40:40] - 666111: check balance operation
[INFO] - [25/Jun/2018-14:40:40] - 666111 check balance finished
[INFO] - [25/Jun/2018-14:41:10] - ready to login
[INFO] - [25/Jun/2018-14:41:15] - 666111 login succeed
[INFO] - [25/Jun/2018-14:41:16] - 666111: check balance operation
[INFO] - [25/Jun/2018-14:41:16] - 666111 check balance finished
[INFO] - [25/Jun/2018-15:05:26] - succeed to connect the database 
[INFO] - [25/Jun/2018-15:05:31] - ready to login
[INFO] - [25/Jun/2018-15:07:47] - succeed to connect the database 
[INFO] - [25/Jun/2018-15:07:56] - ready to login
[INFO] - [25/Jun/2018-15:13:12] - succeed to connect the database 
[INFO] - [25/Jun/2018-15:13:12] - succeed to connect the database 
[INFO] - [25/Jun/2018-15:13:21] - ready to login
[INFO] - [25/Jun/2018-15:13:21] - ready to login
[INFO] - [25/Jun/2018-15:13:25] - 666111 login succeed
[INFO] - [25/Jun/2018-15:13:25] - 666111 login succeed
[INFO] - [25/Jun/2018-15:13:26] - 666111 deposit: normal connection.
[INFO] - [25/Jun/2018-15:13:26] - 666111 deposit: normal connection.
[INFO] - [25/Jun/2018-15:13:29] - update useraccount:userbalance 666111:99891.000000
[INFO] - [25/Jun/2018-15:13:29] - update useraccount:userbalance 666111:99891.000000
[INFO] - [25/Jun/2018-15:13:29] - 666111 deposit succeed
[INFO] - [25/Jun/2018-15:13:29] - 666111 deposit succeed
[INFO] - [25/Jun/2018-15:13:29] - recive ack
[INFO] - [25/Jun/2018-15:13:29] - recive ack
[INFO] - [25/Jun/2018-15:13:32] - 666111: check balance operation
[INFO] - [25/Jun/2018-15:13:32] - 666111: check balance operation
[INFO] - [25/Jun/2018-15:13:32] - 666111 check balance finished
[INFO] - [25/Jun/2018-15:13:32] - 666111 check balance finished
[INFO] - [25/Jun/2018-15:13:34] - 666111 withdraw: normal connection.
[INFO] - [25/Jun/2018-15:13:34] - 666111 withdraw: normal connection.
[INFO] - [25/Jun/2018-15:13:35] - update useraccount:userbalance 666111:99890.000000
[INFO] - [25/Jun/2018-15:13:35] - update useraccount:userbalance 666111:99890.000000
[INFO] - [25/Jun/2018-15:13:35] - 666111 withdraw: success.
[INFO] - [25/Jun/2018-15:13:35] - 666111 withdraw: success.
[INFO] - [25/Jun/2018-15:13:35] - recive ack
[INFO] - [25/Jun/2018-15:13:35] - recive ack
[INFO] - [25/Jun/2018-15:13:37] - 666111: check balance operation
[INFO] - [25/Jun/2018-15:13:37] - 666111: check balance operation
[INFO] - [25/Jun/2018-15:13:37] - 666111 check balance finished
[INFO] - [25/Jun/2018-15:13:37] - 666111 check balance finished
[INFO] - [25/Jun/2018-15:13:38] - 666111 transfer: normal connection.
[INFO] - [25/Jun/2018-15:13:38] - 666111 transfer: normal connection.
[INFO] - [25/Jun/2018-15:13:43] - update useraccount:userbalance 666111:99889.000000
[INFO] - [25/Jun/2018-15:13:43] - update useraccount:userbalance 666111:99889.000000
[INFO] - [25/Jun/2018-15:13:43] - update useraccount:userbalance 666222:100001.000000
[INFO] - [25/Jun/2018-15:13:43] - update useraccount:userbalance 666222:100001.000000
[INFO] - [25/Jun/2018-15:13:43] - 666111 transfer: success.
[INFO] - [25/Jun/2018-15:13:43] - 666111 transfer: success.
[INFO] - [25/Jun/2018-15:13:43] - recive ack
[INFO] - [25/Jun/2018-15:13:43] - recive ack
[INFO] - [25/Jun/2018-15:13:45] - 666111: check balance operation
[INFO] - [25/Jun/2018-15:13:45] - 666111: check balance operation
[INFO] - [25/Jun/2018-15:13:45] - 666111 check balance finished
[INFO] - [25/Jun/2018-15:13:45] - 666111 check balance finished
[INFO] - [25/Jun/2018-15:13:49] - 666111 transfer: normal connection.
[INFO] - [25/Jun/2018-15:13:49] - 666111 transfer: normal connection.
[INFO] - [25/Jun/2018-15:13:55] - update useraccount:userbalance 666111:99888.000000
[INFO] - [25/Jun/2018-15:13:55] - update useraccount:userbalance 666111:99888.000000
[INFO] - [25/Jun/2018-15:13:55] - update useraccount:userbalance 666111:99889.000000
[INFO] - [25/Jun/2018-15:13:55] - update useraccount:userbalance 666111:99889.000000
[INFO] - [25/Jun/2018-15:13:55] - 666111 transfer: 6662223 account not exist.
[INFO] - [25/Jun/2018-15:13:55] - 666111 transfer: 6662223 account not exist.
[INFO] - [25/Jun/2018-15:13:55] - recive ack
[INFO] - [25/Jun/2018-15:13:55] - recive ack
[INFO] - [25/Jun/2018-15:15:20] - ready to login
[INFO] - [25/Jun/2018-15:15:20] - ready to login
[INFO] - [25/Jun/2018-15:15:24] - 666111 login succeed
[INFO] - [25/Jun/2018-15:15:24] - 666111 login succeed
[INFO] - [25/Jun/2018-15:15:28] - 666111 transfer: normal connection.
[INFO] - [25/Jun/2018-15:15:28] - 666111 transfer: normal connection.
[INFO] - [25/Jun/2018-15:15:31] - update useraccount:userbalance 666111:99888.000000
[INFO] - [25/Jun/2018-15:15:31] - update useraccount:userbalance 666111:99888.000000
[INFO] - [25/Jun/2018-15:15:31] - update useraccount:userbalance 666111:99889.000000
[INFO] - [25/Jun/2018-15:15:31] - update useraccount:userbalance 666111:99889.000000
[INFO] - [25/Jun/2018-15:15:31] - 666111 transfer: 6 account not exist.
[INFO] - [25/Jun/2018-15:15:31] - 666111 transfer: 6 account not exist.
[INFO] - [25/Jun/2018-15:15:31] - recive ack
[INFO] - [25/Jun/2018-15:15:31] - recive ack
[INFO] - [25/Jun/2018-15:15:35] - 666111: check balance operation
[INFO] - [25/Jun/2018-15:15:35] - 666111: check balance operation
[INFO] - [25/Jun/2018-15:15:35] - 666111 check balance finished
[INFO] - [25/Jun/2018-15:15:35] - 666111 check balance finished
[INFO] - [25/Jun/2018-15:15:38] - 666111 deposit: normal connection.
[INFO] - [25/Jun/2018-15:15:38] - 666111 deposit: normal connection.
[INFO] - [25/Jun/2018-15:15:42] - update useraccount:userbalance 666111:99888.000000
[INFO] - [25/Jun/2018-15:15:42] - update useraccount:userbalance 666111:99888.000000
[INFO] - [25/Jun/2018-15:15:42] - 666111 deposit succeed
[INFO] - [25/Jun/2018-15:15:42] - 666111 deposit succeed
[INFO] - [25/Jun/2018-15:15:42] - recive ack
[INFO] - [25/Jun/2018-15:15:42] - recive ack
[INFO] - [25/Jun/2018-15:15:45] - 666111: check balance operation
[INFO] - [25/Jun/2018-15:15:45] - 666111: check balance operation
[INFO] - [25/Jun/2018-15:15:45] - 666111 check balance finished
[INFO] - [25/Jun/2018-15:15:45] - 666111 check balance finished
[INFO] - [25/Jun/2018-15:15:58] - succeed to connect the database 
[INFO] - [25/Jun/2018-15:15:58] - succeed to connect the database 
[INFO] - [25/Jun/2018-15:16:33] - succeed to connect the database 
[INFO] - [25/Jun/2018-15:16:33] - succeed to connect the database 
[INFO] - [25/Jun/2018-15:17:13] - succeed to connect the database 
[INFO] - [25/Jun/2018-15:18:33] - succeed to connect the database 
[INFO] - [25/Jun/2018-15:18:36] - ready to login
[INFO] - [25/Jun/2018-15:18:43] - 666111 login succeed
[INFO] - [25/Jun/2018-15:18:46] - 666111: check balance operation
[INFO] - [25/Jun/2018-15:18:46] - 666111 check balance finished
[INFO] - [25/Jun/2018-15:19:13] - ready to login
[INFO] - [25/Jun/2018-15:19:19] - 666111 login succeed
[INFO] - [25/Jun/2018-15:19:21] - 666111: check balance operation
[INFO] - [25/Jun/2018-15:19:21] - 666111 check balance finished
[INFO] - [25/Jun/2018-15:21:46] - ready to login
[INFO] - [25/Jun/2018-15:21:51] - 666111 login succeed
[INFO] - [25/Jun/2018-15:21:52] - 666111: check balance operation
[INFO] - [25/Jun/2018-15:21:52] - 666111 check balance finished
[INFO] - [25/Jun/2018-15:22:05] - ready to login
[INFO] - [25/Jun/2018-15:22:12] - 666111 login succeed
[INFO] - [25/Jun/2018-15:22:13] - 666111: check balance operation
[INFO] - [25/Jun/2018-15:22:13] - 666111 check balance finished
[INFO] - [25/Jun/2018-15:23:11] - ready to login
[ERROR] - [25/Jun/2018-15:23:16] - login failed: account not exist
[INFO] - [25/Jun/2018-15:24:06] - ready to login
[ERROR] - [25/Jun/2018-15:24:09] - login failed: account not exist
[INFO] - [25/Jun/2018-19:00:39] - succeed to connect the database 
[INFO] - [25/Jun/2018-19:00:45] - ready to login
[INFO] - [25/Jun/2018-19:00:50] - 666111 login succeed
[INFO] - [25/Jun/2018-19:01:00] - 666111: check balance operation
[INFO] - [25/Jun/2018-19:01:00] - 666111 check balance finished
[INFO] - [25/Jun/2018-19:06:47] - succeed to connect the database 
[INFO] - [25/Jun/2018-19:06:51] - ready to login
[ERROR] - [25/Jun/2018-19:06:54] - login failed: account not exist
[INFO] - [25/Jun/2018-19:26:17] - succeed to connect the database 
[INFO] - [25/Jun/2018-19:26:22] - ready to login
[INFO] - [25/Jun/2018-19:26:29] - 666111 login succeed
[INFO] - [25/Jun/2018-19:26:31] - 666111: check balance operation
[INFO] - [25/Jun/2018-19:26:31] - 666111 check balance finished
[INFO] - [25/Jun/2018-19:26:46] - ready to login
[INFO] - [25/Jun/2018-19:26:51] - 666111 login succeed
[INFO] - [25/Jun/2018-19:26:53] - 666111: check balance operation
[INFO] - [25/Jun/2018-19:26:53] - 666111 check balance finished
[INFO] - [25/Jun/2018-19:34:41] - ready to login
[INFO] - [25/Jun/2018-19:34:45] - 666111 login succeed
[INFO] - [25/Jun/2018-19:34:47] - 666111 transfer: normal connection.
[INFO] - [25/Jun/2018-19:34:52] - 666111 transfer: success.
[INFO] - [25/Jun/2018-19:34:52] - recive ack
[INFO] - [25/Jun/2018-20:08:57] - succeed to connect the database 
[INFO] - [25/Jun/2018-20:09:01] - ready to login
[INFO] - [25/Jun/2018-20:09:07] - 666111 login succeed
[INFO] - [25/Jun/2018-20:09:09] - 666111: check balance operation
[INFO] - [25/Jun/2018-20:09:09] - 666111 check balance finished
[INFO] - [25/Jun/2018-20:37:53] - ready to login
[INFO] - [25/Jun/2018-20:37:59] - 666111 login succeed
[INFO] - [25/Jun/2018-20:39:43] - ready to login
[INFO] - [25/Jun/2018-20:39:48] - 666111 login succeed
[INFO] - [25/Jun/2018-20:39:50] - 666111: check balance operation
[INFO] - [25/Jun/2018-20:39:50] - 666111 check balance finished
[INFO] - [25/Jun/2018-20:40:02] - ready to login
[INFO] - [25/Jun/2018-20:40:07] - 666111 login succeed
[INFO] - [25/Jun/2018-20:52:36] - ready to login
[INFO] - [25/Jun/2018-20:52:40] - 666111 login succeed
[INFO] - [25/Jun/2018-20:52:49] - 666111: check balance operation
[INFO] - [25/Jun/2018-20:52:49] - 666111 check balance finished
[INFO] - [25/Jun/2018-21:02:40] - ready to login
[INFO] - [25/Jun/2018-21:02:45] - 666111 login succeed
[INFO] - [25/Jun/2018-21:12:31] - ready to login
[INFO] - [25/Jun/2018-21:12:38] - 666111 login succeed
[INFO] - [25/Jun/2018-21:12:41] - 666111 deposit: normal connection.
[INFO] - [25/Jun/2018-21:12:43] - 666111 deposit succeed
[INFO] - [25/Jun/2018-21:12:43] - recive ack
[INFO] - [25/Jun/2018-21:12:56] - 666111: check balance operation
[INFO] - [25/Jun/2018-21:12:56] - 666111 check balance finished
[INFO] - [25/Jun/2018-21:13:04] - 666111 withdraw: normal connection.
[INFO] - [25/Jun/2018-21:13:06] - 666111 withdraw: success.
[INFO] - [25/Jun/2018-21:13:06] - recive ack
[INFO] - [25/Jun/2018-21:13:09] - 666111: check balance operation
[INFO] - [25/Jun/2018-21:13:09] - 666111 check balance finished
[INFO] - [25/Jun/2018-21:13:12] - 666111 withdraw: normal connection.
[INFO] - [25/Jun/2018-21:13:13] - 666111 withdraw: success.
[INFO] - [25/Jun/2018-21:13:13] - recive ack
[INFO] - [25/Jun/2018-21:13:20] - 666111: check balance operation
[INFO] - [25/Jun/2018-21:13:20] - 666111 check balance finished
[INFO] - [25/Jun/2018-21:15:07] - ready to login
[INFO] - [25/Jun/2018-21:15:12] - 666111 login succeed
[INFO] - [25/Jun/2018-21:15:13] - 666111: check balance operation
[INFO] - [25/Jun/2018-21:15:13] - 666111 check balance finished
[INFO] - [25/Jun/2018-21:15:14] - 666111 deposit: normal connection.
[INFO] - [25/Jun/2018-21:15:18] - 666111 deposit succeed
[INFO] - [25/Jun/2018-21:15:18] - recive ack
[INFO] - [25/Jun/2018-21:16:47] - 666111: check balance operation
[INFO] - [25/Jun/2018-21:16:47] - 666111 check balance finished
[INFO] - [25/Jun/2018-21:20:11] - ready to login
[INFO] - [25/Jun/2018-21:20:15] - 666111 login succeed
[INFO] - [25/Jun/2018-21:20:17] - 666111: check balance operation
[INFO] - [25/Jun/2018-21:20:17] - 666111 check balance finished
[INFO] - [25/Jun/2018-21:20:18] - 666111 deposit: normal connection.
[INFO] - [25/Jun/2018-21:20:20] - 666111 deposit succeed
[INFO] - [25/Jun/2018-21:20:20] - recive ack
[INFO] - [25/Jun/2018-21:20:21] - 666111 withdraw: normal connection.
[INFO] - [25/Jun/2018-21:20:23] - 666111 withdraw: success.
[INFO] - [25/Jun/2018-21:20:23] - recive ack
[INFO] - [25/Jun/2018-21:20:25] - 666111: check balance operation
[INFO] - [25/Jun/2018-21:20:25] - 666111 check balance finished
[INFO] - [25/Jun/2018-21:20:28] - 666111: check balance operation
[INFO] - [25/Jun/2018-21:20:28] - 666111 check balance finished
[INFO] - [25/Jun/2018-21:20:29] - 666111: check balance operation
[INFO] - [25/Jun/2018-21:20:29] - 666111 check balance finished
[INFO] - [25/Jun/2018-21:20:32] - 666111 transfer: normal connection.
[INFO] - [25/Jun/2018-21:20:37] - 666111 transfer: success.
[INFO] - [25/Jun/2018-21:20:37] - recive ack
[INFO] - [25/Jun/2018-21:20:39] - 666111: check balance operation
[INFO] - [25/Jun/2018-21:20:39] - 666111 check balance finished
[INFO] - [25/Jun/2018-21:21:48] - ready to login
[INFO] - [25/Jun/2018-21:21:53] - 666111 login succeed
[INFO] - [25/Jun/2018-21:21:55] - 666111 transfer: normal connection.
[INFO] - [25/Jun/2018-21:21:58] - 666111 transfer: success.
[INFO] - [25/Jun/2018-21:21:58] - recive ack
[INFO] - [25/Jun/2018-21:22:04] - 666111: check balance operation
[INFO] - [25/Jun/2018-21:22:04] - 666111 check balance finished
[INFO] - [25/Jun/2018-22:18:56] - succeed to connect the database 
[INFO] - [25/Jun/2018-22:18:59] - ready to login
[INFO] - [25/Jun/2018-22:19:04] - 666111 login succeed
[INFO] - [25/Jun/2018-22:19:07] - 666111 deposit: normal connection.
[INFO] - [25/Jun/2018-22:19:09] - 666111 deposit succeed
[INFO] - [25/Jun/2018-22:19:09] - recive ack
[INFO] - [25/Jun/2018-22:19:13] - 666111: check balance operation
[INFO] - [25/Jun/2018-22:19:13] - 666111 check balance finished
[INFO] - [25/Jun/2018-22:19:26] - 666111: check balance operation
[INFO] - [25/Jun/2018-22:19:26] - 666111 check balance finished
[INFO] - [25/Jun/2018-22:27:09] - ready to login
[INFO] - [25/Jun/2018-22:27:14] - 666111 login succeed
[INFO] - [25/Jun/2018-22:27:15] - 666111: check balance operation
[INFO] - [25/Jun/2018-22:27:15] - 666111 check balance finished
[INFO] - [25/Jun/2018-22:27:17] - 666111 deposit: normal connection.
[INFO] - [25/Jun/2018-22:27:18] - 666111 deposit succeed
[INFO] - [25/Jun/2018-22:27:18] - recive ack
[INFO] - [25/Jun/2018-22:27:20] - 666111: check balance operation
[INFO] - [25/Jun/2018-22:27:20] - 666111 check balance finished
[INFO] - [25/Jun/2018-22:27:21] - 666111 withdraw: normal connection.
[INFO] - [25/Jun/2018-22:27:22] - 666111 withdraw: success.
[INFO] - [25/Jun/2018-22:27:22] - recive ack
[INFO] - [25/Jun/2018-22:27:25] - 666111: check balance operation
[INFO] - [25/Jun/2018-22:27:25] - 666111 check balance finished
[INFO] - [25/Jun/2018-22:27:26] - 666111 transfer: normal connection.
[INFO] - [25/Jun/2018-22:27:30] - 666111 transfer: success.
[INFO] - [25/Jun/2018-22:27:30] - recive ack
[INFO] - [25/Jun/2018-22:27:32] - 666111: check balance operation
[INFO] - [25/Jun/2018-22:27:32] - 666111 check balance finished
[INFO] - [25/Jun/2018-22:27:34] - 666111: check balance operation
[INFO] - [25/Jun/2018-22:27:34] - 666111 check balance finished
[INFO] - [26/Jun/2018-14:57:09] - succeed to connect the database 
[INFO] - [26/Jun/2018-14:57:14] - ready to login
[INFO] - [26/Jun/2018-14:57:19] - 666111 login succeed
[INFO] - [26/Jun/2018-14:57:28] - 666111: check balance operation
[INFO] - [26/Jun/2018-14:57:28] - 666111 check balance finished
[INFO] - [26/Jun/2018-14:59:06] - ready to login
[INFO] - [26/Jun/2018-14:59:10] - 666111 login succeed
[INFO] - [26/Jun/2018-14:59:16] - 666111 deposit: normal connection.
[INFO] - [26/Jun/2018-14:59:42] - succeed to connect the database 
[INFO] - [26/Jun/2018-14:59:46] - ready to login
[INFO] - [26/Jun/2018-14:59:50] - 666111 login succeed
[INFO] - [26/Jun/2018-14:59:56] - 666111 deposit: normal connection.
[INFO] - [26/Jun/2018-15:02:17] - succeed to connect the database 
[INFO] - [26/Jun/2018-15:02:20] - ready to login
[INFO] - [26/Jun/2018-15:02:25] - 666111 login succeed
[INFO] - [26/Jun/2018-15:02:26] - 666111 deposit: normal connection.
[INFO] - [26/Jun/2018-15:02:30] - 666111 deposit succeed
[INFO] - [26/Jun/2018-15:02:30] - recive ack
[INFO] - [26/Jun/2018-15:02:56] - succeed to connect the database 
[INFO] - [26/Jun/2018-15:02:58] - ready to login
[INFO] - [26/Jun/2018-15:03:03] - 666111 login succeed
[INFO] - [26/Jun/2018-15:03:09] - 666111 deposit: normal connection.
[INFO] - [26/Jun/2018-15:04:14] - succeed to connect the database 
[INFO] - [26/Jun/2018-15:04:18] - ready to login
[INFO] - [26/Jun/2018-15:04:22] - 666111 login succeed
[INFO] - [26/Jun/2018-15:04:28] - 666111 deposit: normal connection.
[ERROR] - [26/Jun/2018-15:04:28] - connection error
[INFO] - [26/Jun/2018-15:05:19] - ready to login
[INFO] - [26/Jun/2018-15:05:23] - 666111 login succeed
[INFO] - [26/Jun/2018-15:05:31] - 666111 deposit: normal connection.
[ERROR] - [26/Jun/2018-15:05:31] - connection error
[INFO] - [26/Jun/2018-15:05:39] - succeed to connect the database 
[INFO] - [26/Jun/2018-15:05:42] - ready to login
[INFO] - [26/Jun/2018-15:05:46] - 666111 login succeed
[INFO] - [26/Jun/2018-15:05:47] - 666111 deposit: normal connection.
[INFO] - [26/Jun/2018-15:05:48] - 666111 deposit succeed
[INFO] - [26/Jun/2018-15:05:48] - recive ack
[INFO] - [26/Jun/2018-15:23:16] - succeed to connect the database 
[INFO] - [26/Jun/2018-15:23:21] - ready to login
[INFO] - [26/Jun/2018-15:23:26] - 666111 login succeed
[INFO] - [26/Jun/2018-15:23:27] - 666111: check balance operation
[INFO] - [26/Jun/2018-15:23:27] - 666111 check balance finished
[INFO] - [26/Jun/2018-15:23:31] - 666111 deposit: normal connection.
[INFO] - [26/Jun/2018-15:23:36] - 666111 deposit succeed
[INFO] - [26/Jun/2018-15:23:36] - recive ack
[INFO] - [26/Jun/2018-15:23:38] - 666111: check balance operation
[INFO] - [26/Jun/2018-15:23:38] - 666111 check balance finished
[INFO] - [26/Jun/2018-15:23:48] - 666111: check balance operation
[INFO] - [26/Jun/2018-15:23:48] - 666111 check balance finished
[INFO] - [26/Jun/2018-22:03:43] - succeed to connect the database 
[INFO] - [26/Jun/2018-22:03:53] - ready to login
[INFO] - [26/Jun/2018-22:04:00] - 666111 login succeed
[INFO] - [26/Jun/2018-22:04:01] - 666111: check balance operation
[INFO] - [26/Jun/2018-22:04:01] - 666111 check balance finished
[INFO] - [26/Jun/2018-22:19:33] - succeed to connect the database 
[INFO] - [26/Jun/2018-22:19:37] - ready to login
[INFO] - [26/Jun/2018-22:19:42] - 666111 login succeed
[ERROR] - [26/Jun/2018-22:23:47] - connection error
